<?xml version="1.0" encoding="UTF-8"?>
<beans xmlns="http://www.springframework.org/schema/beans"
       xmlns:xsi="http://www.w3.org/2001/XMLSchema-instance"
       xmlns:tx="http://www.springframework.org/schema/tx"
       xmlns:jdbc="http://www.springframework.org/schema/jdbc"
       xsi:schemaLocation="
           http://www.springframework.org/schema/beans
           http://www.springframework.org/schema/beans/spring-beans.xsd
           http://www.springframework.org/schema/tx
           http://www.springframework.org/schema/tx/spring-tx-2.5.xsd
           http://www.springframework.org/schema/jdbc
           http://www.springframework.org/schema/jdbc/spring-jdbc.xsd">

    <jdbc:initialize-database>
        <jdbc:script location="classpath:ddl.sql"/>
    </jdbc:initialize-database>

    <bean id="dataSource" class="org.springframework.jdbc.datasource.SimpleDriverDataSource">
        <property name="driverClass" value="org.h2.Driver"/>
        <property name="url" value="jdbc:h2:mem:test;MODE=MYSQL;DB_CLOSE_DELAY=-1"/>
        <property name="username" value="sa"/>
        <property name="password" value=""/>
    </bean>

    <bean id="userDao" class="study.user.dao.UserDaoJdbc">
        <property name="dataSource" ref="dataSource"/>
        <property name="sqlService" ref="sqlService"/>
    </bean>

    <bean id="transactionManager" class="org.springframework.jdbc.datasource.DataSourceTransactionManager">
        <property name="dataSource" ref="dataSource"/>
    </bean>

    <bean id="mailSender" class="study.user.service.DummyMailSender"/>

    <bean id="userService" class="study.user.service.UserServiceImpl">
        <property name="userDao" ref="userDao"/>
        <property name="mailSender" ref="mailSender"/>
    </bean>

    <bean id="sqlService" class="study.user.sqlservice.SimpleSqlService">
        <property name="sqlMap">
            <map>
                <entry key="add" value="insert into users(id, name, password, level, login, recommend, email) values(?, ?, ?, ?, ?, ?, ?)"/>
                <entry key="get" value="select * from users where id = ?"/>
                <entry key="getAll" value="select * from users order by id"/>
                <entry key="deleteAll" value="delete from users"/>
                <entry key="getCount" value="select count(*) from users"/>
                <entry key="update" value="update users set name = ?, password = ?, level = ?, login = ?, recommend = ?, email = ? where id = ?"/>
            </map>
        </property>

    </bean>

    <bean class="org.springframework.aop.framework.autoproxy.DefaultAdvisorAutoProxyCreator"/>

    <bean id="testUserService" class="study.user.service.UserServiceTest$TestUserService" parent="userService"/>

    <tx:annotation-driven/>

</beans>
